Determining if the pthread_create exist failed with the following output:
Change Dir: /home/frank/Lidar/build/CMakeFiles/CMakeTmp

Run Build Command:/usr/bin/make "cmTryCompileExec283300512/fast"
/usr/bin/make -f CMakeFiles/cmTryCompileExec283300512.dir/build.make CMakeFiles/cmTryCompileExec283300512.dir/build
make[1]: Entering directory `/home/frank/Lidar/build/CMakeFiles/CMakeTmp'
/usr/bin/cmake -E cmake_progress_report /home/frank/Lidar/build/CMakeFiles/CMakeTmp/CMakeFiles 1
Building C object CMakeFiles/cmTryCompileExec283300512.dir/CheckSymbolExists.c.o
/usr/bin/cc    -o CMakeFiles/cmTryCompileExec283300512.dir/CheckSymbolExists.c.o   -c /home/frank/Lidar/build/CMakeFiles/CMakeTmp/CheckSymbolExists.c
Linking C executable cmTryCompileExec283300512
/usr/bin/cmake -E cmake_link_script CMakeFiles/cmTryCompileExec283300512.dir/link.txt --verbose=1
/usr/bin/cc       CMakeFiles/cmTryCompileExec283300512.dir/CheckSymbolExists.c.o  -o cmTryCompileExec283300512 -rdynamic 
CMakeFiles/cmTryCompileExec283300512.dir/CheckSymbolExists.c.o: In function `main':
CheckSymbolExists.c:(.text+0x16): undefined reference to `pthread_create'
collect2: error: ld returned 1 exit status
make[1]: *** [cmTryCompileExec283300512] Error 1
make[1]: Leaving directory `/home/frank/Lidar/build/CMakeFiles/CMakeTmp'
make: *** [cmTryCompileExec283300512/fast] Error 2

File /home/frank/Lidar/build/CMakeFiles/CMakeTmp/CheckSymbolExists.c:
/* */
#include <pthread.h>

int main(int argc, char** argv)
{
  (void)argv;
#ifndef pthread_create
  return ((int*)(&pthread_create))[argc];
#else
  (void)argc;
  return 0;
#endif
}

Determining if the function pthread_create exists in the pthreads failed with the following output:
Change Dir: /home/frank/Lidar/build/CMakeFiles/CMakeTmp

Run Build Command:/usr/bin/make "cmTryCompileExec3745777125/fast"
/usr/bin/make -f CMakeFiles/cmTryCompileExec3745777125.dir/build.make CMakeFiles/cmTryCompileExec3745777125.dir/build
make[1]: Entering directory `/home/frank/Lidar/build/CMakeFiles/CMakeTmp'
/usr/bin/cmake -E cmake_progress_report /home/frank/Lidar/build/CMakeFiles/CMakeTmp/CMakeFiles 1
Building C object CMakeFiles/cmTryCompileExec3745777125.dir/CheckFunctionExists.c.o
/usr/bin/cc   -DCHECK_FUNCTION_EXISTS=pthread_create   -o CMakeFiles/cmTryCompileExec3745777125.dir/CheckFunctionExists.c.o   -c /usr/share/cmake-2.8/Modules/CheckFunctionExists.c
Linking C executable cmTryCompileExec3745777125
/usr/bin/cmake -E cmake_link_script CMakeFiles/cmTryCompileExec3745777125.dir/link.txt --verbose=1
/usr/bin/cc   -DCHECK_FUNCTION_EXISTS=pthread_create    CMakeFiles/cmTryCompileExec3745777125.dir/CheckFunctionExists.c.o  -o cmTryCompileExec3745777125 -rdynamic -lpthreads 
/usr/bin/ld: cannot find -lpthreads
collect2: error: ld returned 1 exit status
make[1]: Leaving directory `/home/frank/Lidar/build/CMakeFiles/CMakeTmp'
make[1]: *** [cmTryCompileExec3745777125] Error 1
make: *** [cmTryCompileExec3745777125/fast] Error 2


